<?xml version="1.0" encoding="UTF-8"?>
<testsuite name="com.codestates.stackoverflow.member.MemberControllerDocumentationTest" tests="6" skipped="0" failures="0" errors="0" timestamp="2023-06-22T02:23:03" hostname="Jiinui-MacBookPro.local" time="0.088">
  <properties/>
  <testcase name="patchMemberTest()" classname="com.codestates.stackoverflow.member.MemberControllerDocumentationTest" time="0.043"/>
  <testcase name="getMemberTest()" classname="com.codestates.stackoverflow.member.MemberControllerDocumentationTest" time="0.007"/>
  <testcase name="getMembersTest()" classname="com.codestates.stackoverflow.member.MemberControllerDocumentationTest" time="0.01"/>
  <testcase name="postMemberTest()" classname="com.codestates.stackoverflow.member.MemberControllerDocumentationTest" time="0.018"/>
  <testcase name="deleteMemberTest()" classname="com.codestates.stackoverflow.member.MemberControllerDocumentationTest" time="0.005"/>
  <testcase name="deleteMembersTest()" classname="com.codestates.stackoverflow.member.MemberControllerDocumentationTest" time="0.004"/>
  <system-out><![CDATA[?[2m2023-06-22 11:23:03.220?[0;39m ?[32m INFO?[0;39m ?[35m3356?[0;39m ?[2m---?[0;39m ?[2m[    Test worker]?[0;39m ?[36m.b.t.c.SpringBootTestContextBootstrapper?[0;39m ?[2m:?[0;39m Neither @ContextConfiguration nor @ContextHierarchy found for test class [com.codestates.stackoverflow.member.MemberControllerDocumentationTest], using SpringBootContextLoader
?[2m2023-06-22 11:23:03.220?[0;39m ?[32m INFO?[0;39m ?[35m3356?[0;39m ?[2m---?[0;39m ?[2m[    Test worker]?[0;39m ?[36mo.s.t.c.support.AbstractContextLoader   ?[0;39m ?[2m:?[0;39m Could not detect default resource locations for test class [com.codestates.stackoverflow.member.MemberControllerDocumentationTest]: no resource found for suffixes {-context.xml, Context.groovy}.
?[2m2023-06-22 11:23:03.220?[0;39m ?[32m INFO?[0;39m ?[35m3356?[0;39m ?[2m---?[0;39m ?[2m[    Test worker]?[0;39m ?[36mt.c.s.AnnotationConfigContextLoaderUtils?[0;39m ?[2m:?[0;39m Could not detect default configuration classes for test class [com.codestates.stackoverflow.member.MemberControllerDocumentationTest]: MemberControllerDocumentationTest does not declare any static, non-private, non-final, nested classes annotated with @Configuration.
?[2m2023-06-22 11:23:03.223?[0;39m ?[32m INFO?[0;39m ?[35m3356?[0;39m ?[2m---?[0;39m ?[2m[    Test worker]?[0;39m ?[36m.b.t.c.SpringBootTestContextBootstrapper?[0;39m ?[2m:?[0;39m Found @SpringBootConfiguration com.codestates.stackoverflow.StackoverflowApplication for test class com.codestates.stackoverflow.member.MemberControllerDocumentationTest
?[2m2023-06-22 11:23:03.223?[0;39m ?[32m INFO?[0;39m ?[35m3356?[0;39m ?[2m---?[0;39m ?[2m[    Test worker]?[0;39m ?[36m.b.t.c.SpringBootTestContextBootstrapper?[0;39m ?[2m:?[0;39m Loaded default TestExecutionListener class names from location [META-INF/spring.factories]: [org.springframework.security.test.context.support.WithSecurityContextTestExecutionListener, org.springframework.security.test.context.support.ReactorContextTestExecutionListener, org.springframework.boot.test.autoconfigure.restdocs.RestDocsTestExecutionListener, org.springframework.boot.test.autoconfigure.web.client.MockRestServiceServerResetTestExecutionListener, org.springframework.boot.test.autoconfigure.web.servlet.MockMvcPrintOnlyOnFailureTestExecutionListener, org.springframework.boot.test.autoconfigure.web.servlet.WebDriverTestExecutionListener, org.springframework.boot.test.autoconfigure.webservices.client.MockWebServiceServerTestExecutionListener, org.springframework.boot.test.mock.mockito.MockitoTestExecutionListener, org.springframework.boot.test.mock.mockito.ResetMocksTestExecutionListener, org.springframework.test.context.web.ServletTestExecutionListener, org.springframework.test.context.support.DirtiesContextBeforeModesTestExecutionListener, org.springframework.test.context.event.ApplicationEventsTestExecutionListener, org.springframework.test.context.support.DependencyInjectionTestExecutionListener, org.springframework.test.context.support.DirtiesContextTestExecutionListener, org.springframework.test.context.transaction.TransactionalTestExecutionListener, org.springframework.test.context.jdbc.SqlScriptsTestExecutionListener, org.springframework.test.context.event.EventPublishingTestExecutionListener]
?[2m2023-06-22 11:23:03.223?[0;39m ?[32m INFO?[0;39m ?[35m3356?[0;39m ?[2m---?[0;39m ?[2m[    Test worker]?[0;39m ?[36m.b.t.c.SpringBootTestContextBootstrapper?[0;39m ?[2m:?[0;39m Using TestExecutionListeners: [org.springframework.test.context.web.ServletTestExecutionListener@17d13926, org.springframework.test.context.support.DirtiesContextBeforeModesTestExecutionListener@511cc6fc, org.springframework.test.context.event.ApplicationEventsTestExecutionListener@216906a0, org.springframework.boot.test.mock.mockito.MockitoTestExecutionListener@4e885b9, org.springframework.boot.test.autoconfigure.SpringBootDependencyInjectionTestExecutionListener@1a6e940b, org.springframework.test.context.support.DirtiesContextTestExecutionListener@2d728a9c, org.springframework.test.context.transaction.TransactionalTestExecutionListener@4447c594, org.springframework.test.context.jdbc.SqlScriptsTestExecutionListener@4c255e8, org.springframework.security.test.context.support.WithSecurityContextTestExecutionListener@6ae247b7, org.springframework.test.context.event.EventPublishingTestExecutionListener@53fd061d, org.springframework.security.test.context.support.ReactorContextTestExecutionListener@296c0293, org.springframework.boot.test.autoconfigure.restdocs.RestDocsTestExecutionListener@3f976f43, org.springframework.boot.test.autoconfigure.web.client.MockRestServiceServerResetTestExecutionListener@473048f9, org.springframework.boot.test.autoconfigure.web.servlet.MockMvcPrintOnlyOnFailureTestExecutionListener@7c4663ec, org.springframework.boot.test.autoconfigure.web.servlet.WebDriverTestExecutionListener@35f79e6d, org.springframework.boot.test.autoconfigure.webservices.client.MockWebServiceServerTestExecutionListener@319e02e7, org.springframework.boot.test.mock.mockito.ResetMocksTestExecutionListener@742ce3ad]

  .   ____          _            __ _ _
 /\\ / ___'_ __ _ _(_)_ __  __ _ \ \ \ \
( ( )\___ | '_ | '_| | '_ \/ _` | \ \ \ \
 \\/  ___)| |_)| | | | | || (_| |  ) ) ) )
  '  |____| .__|_| |_|_| |_\__, | / / / /
 =========|_|==============|___/=/_/_/_/
?[32m :: Spring Boot :: ?[39m             ?[2m (v2.7.12)?[0;39m

?[2m2023-06-22 11:23:03.233?[0;39m ?[32m INFO?[0;39m ?[35m3356?[0;39m ?[2m---?[0;39m ?[2m[    Test worker]?[0;39m ?[36m.c.s.m.MemberControllerDocumentationTest?[0;39m ?[2m:?[0;39m Starting MemberControllerDocumentationTest using Java 11.0.19 on Jiinui-MacBookPro.local with PID 3356 (started by jiinpark in /Users/jiinpark/Dev/Projects/pre-project/stackoverflow)
?[2m2023-06-22 11:23:03.234?[0;39m ?[32m INFO?[0;39m ?[35m3356?[0;39m ?[2m---?[0;39m ?[2m[    Test worker]?[0;39m ?[36m.c.s.m.MemberControllerDocumentationTest?[0;39m ?[2m:?[0;39m No active profile set, falling back to 1 default profile: "default"
?[2m2023-06-22 11:23:03.305?[0;39m ?[32m INFO?[0;39m ?[35m3356?[0;39m ?[2m---?[0;39m ?[2m[    Test worker]?[0;39m ?[36m.s.d.r.c.RepositoryConfigurationDelegate?[0;39m ?[2m:?[0;39m Bootstrapping Spring Data JPA repositories in DEFAULT mode.
?[2m2023-06-22 11:23:03.313?[0;39m ?[32m INFO?[0;39m ?[35m3356?[0;39m ?[2m---?[0;39m ?[2m[    Test worker]?[0;39m ?[36m.s.d.r.c.RepositoryConfigurationDelegate?[0;39m ?[2m:?[0;39m Finished Spring Data repository scanning in 7 ms. Found 3 JPA repository interfaces.
?[2m2023-06-22 11:23:03.379?[0;39m ?[32m INFO?[0;39m ?[35m3356?[0;39m ?[2m---?[0;39m ?[2m[    Test worker]?[0;39m ?[36mo.hibernate.jpa.internal.util.LogHelper ?[0;39m ?[2m:?[0;39m HHH000204: Processing PersistenceUnitInfo [name: default]
?[2m2023-06-22 11:23:03.381?[0;39m ?[32m INFO?[0;39m ?[35m3356?[0;39m ?[2m---?[0;39m ?[2m[    Test worker]?[0;39m ?[36mcom.zaxxer.hikari.HikariDataSource      ?[0;39m ?[2m:?[0;39m HikariPool-3 - Starting...
?[2m2023-06-22 11:23:03.381?[0;39m ?[32m INFO?[0;39m ?[35m3356?[0;39m ?[2m---?[0;39m ?[2m[    Test worker]?[0;39m ?[36mcom.zaxxer.hikari.HikariDataSource      ?[0;39m ?[2m:?[0;39m HikariPool-3 - Start completed.
?[2m2023-06-22 11:23:03.381?[0;39m ?[32m INFO?[0;39m ?[35m3356?[0;39m ?[2m---?[0;39m ?[2m[    Test worker]?[0;39m ?[36morg.hibernate.dialect.Dialect           ?[0;39m ?[2m:?[0;39m HHH000400: Using dialect: org.hibernate.dialect.H2Dialect
?[35m[Hibernate]?[0m 
    
    ?[34mdrop?[0m ?[34mtable?[0m ?[34mif?[0m ?[34mexists?[0m answer ?[34mCASCADE?[0m 
?[35m[Hibernate]?[0m 
    
    ?[34mdrop?[0m ?[34mtable?[0m ?[34mif?[0m ?[34mexists?[0m ?[34mmember?[0m ?[34mCASCADE?[0m 
?[35m[Hibernate]?[0m 
    
    ?[34mdrop?[0m ?[34mtable?[0m ?[34mif?[0m ?[34mexists?[0m member_roles ?[34mCASCADE?[0m 
?[35m[Hibernate]?[0m 
    
    ?[34mdrop?[0m ?[34mtable?[0m ?[34mif?[0m ?[34mexists?[0m question ?[34mCASCADE?[0m 
?[35m[Hibernate]?[0m 
    
    ?[34mcreate?[0m ?[34mtable?[0m answer (
       answer_id ?[34mbigint?[0m generated ?[34mby?[0m ?[34mdefault?[0m ?[34mas?[0m ?[34midentity?[0m,
        created_at DATETIME(0),
        created_by ?[34mvarchar?[0m(255),
        last_modified_at DATETIME(0),
        content ?[34mvarchar?[0m(255) ?[34mnot?[0m ?[34mnull?[0m,
        member_id ?[34mbigint?[0m,
        question_id ?[34mbigint?[0m,
        ?[34mprimary?[0m ?[34mkey?[0m (answer_id)
    )
?[35m[Hibernate]?[0m 
    
    ?[34mcreate?[0m ?[34mtable?[0m ?[34mmember?[0m (
       member_id ?[34mbigint?[0m generated ?[34mby?[0m ?[34mdefault?[0m ?[34mas?[0m ?[34midentity?[0m,
        created_at DATETIME(0) ?[34mnot?[0m ?[34mnull?[0m,
        email ?[34mvarchar?[0m(255) ?[34mnot?[0m ?[34mnull?[0m,
        modified_at DATETIME(0) ?[34mnot?[0m ?[34mnull?[0m,
        name ?[34mvarchar?[0m(100) ?[34mnot?[0m ?[34mnull?[0m,
        password ?[34mvarchar?[0m(100) ?[34mnot?[0m ?[34mnull?[0m,
        ?[34mprimary?[0m ?[34mkey?[0m (member_id)
    )
?[35m[Hibernate]?[0m 
    
    ?[34mcreate?[0m ?[34mtable?[0m member_roles (
       member_member_id ?[34mbigint?[0m ?[34mnot?[0m ?[34mnull?[0m,
        roles ?[34mvarchar?[0m(255)
    )
?[35m[Hibernate]?[0m 
    
    ?[34mcreate?[0m ?[34mtable?[0m question (
       id ?[34mbigint?[0m generated ?[34mby?[0m ?[34mdefault?[0m ?[34mas?[0m ?[34midentity?[0m,
        content TEXT ?[34mnot?[0m ?[34mnull?[0m,
        create_by ?[34mvarchar?[0m(255),
        created_at DATETIME(0) ?[34mnot?[0m ?[34mnull?[0m,
        modified_at DATETIME(0) ?[34mnot?[0m ?[34mnull?[0m,
        title ?[34mvarchar?[0m(150) ?[34mnot?[0m ?[34mnull?[0m,
        view_count ?[34mbigint?[0m ?[34mnot?[0m ?[34mnull?[0m,
        member_id ?[34mbigint?[0m,
        ?[34mprimary?[0m ?[34mkey?[0m (id)
    )
?[35m[Hibernate]?[0m 
    
    ?[34malter?[0m ?[34mtable?[0m ?[34mmember?[0m 
       ?[34madd?[0m ?[34mconstraint?[0m UK_mbmcqelty0fbrvxp1q58dn57t ?[34munique?[0m (email)
?[35m[Hibernate]?[0m 
    
    ?[34malter?[0m ?[34mtable?[0m answer 
       ?[34madd?[0m ?[34mconstraint?[0m FKn2sp5pa6h0u2kixjl2r4vfluf 
       ?[34mforeign?[0m ?[34mkey?[0m (member_id) 
       ?[34mreferences?[0m ?[34mmember?[0m
?[35m[Hibernate]?[0m 
    
    ?[34malter?[0m ?[34mtable?[0m answer 
       ?[34madd?[0m ?[34mconstraint?[0m FK8frr4bcabmmeyyu60qt7iiblo 
       ?[34mforeign?[0m ?[34mkey?[0m (question_id) 
       ?[34mreferences?[0m question
?[35m[Hibernate]?[0m 
    
    ?[34malter?[0m ?[34mtable?[0m member_roles 
       ?[34madd?[0m ?[34mconstraint?[0m FKruptm2dtwl95mfks4bnhv828k 
       ?[34mforeign?[0m ?[34mkey?[0m (member_member_id) 
       ?[34mreferences?[0m ?[34mmember?[0m
?[35m[Hibernate]?[0m 
    
    ?[34malter?[0m ?[34mtable?[0m question 
       ?[34madd?[0m ?[34mconstraint?[0m FK1nuuke7olg7b9fkyp2ba9d5bx 
       ?[34mforeign?[0m ?[34mkey?[0m (member_id) 
       ?[34mreferences?[0m ?[34mmember?[0m
?[2m2023-06-22 11:23:03.415?[0;39m ?[32m INFO?[0;39m ?[35m3356?[0;39m ?[2m---?[0;39m ?[2m[    Test worker]?[0;39m ?[36mo.h.e.t.j.p.i.JtaPlatformInitiator      ?[0;39m ?[2m:?[0;39m HHH000490: Using JtaPlatform implementation: [org.hibernate.engine.transaction.jta.platform.internal.NoJtaPlatform]
?[2m2023-06-22 11:23:03.416?[0;39m ?[32m INFO?[0;39m ?[35m3356?[0;39m ?[2m---?[0;39m ?[2m[    Test worker]?[0;39m ?[36mj.LocalContainerEntityManagerFactoryBean?[0;39m ?[2m:?[0;39m Initialized JPA EntityManagerFactory for persistence unit 'default'
?[2m2023-06-22 11:23:03.495?[0;39m ?[32m INFO?[0;39m ?[35m3356?[0;39m ?[2m---?[0;39m ?[2m[    Test worker]?[0;39m ?[36mo.s.s.web.DefaultSecurityFilterChain    ?[0;39m ?[2m:?[0;39m Will secure any request with [org.springframework.security.web.session.DisableEncodeUrlFilter@6195e7d5, org.springframework.security.web.context.request.async.WebAsyncManagerIntegrationFilter@f2120d5, org.springframework.security.web.context.SecurityContextPersistenceFilter@7fd65f9a, org.springframework.security.web.header.HeaderWriterFilter@1ca574db, org.springframework.web.filter.CorsFilter@1afea182, org.springframework.security.web.authentication.logout.LogoutFilter@3bc2146c, org.springframework.security.oauth2.client.web.OAuth2AuthorizationRequestRedirectFilter@59d99269, org.springframework.security.oauth2.client.web.OAuth2LoginAuthenticationFilter@48332a63, com.codestates.stackoverflow.auth.filter.JwtAuthenticationFilter@4bcff08c, com.codestates.stackoverflow.auth.filter.JwtVerificationFilter@52a1d6f, org.springframework.security.web.savedrequest.RequestCacheAwareFilter@f48a79a, org.springframework.security.web.servletapi.SecurityContextHolderAwareRequestFilter@38fc1904, org.springframework.security.web.authentication.AnonymousAuthenticationFilter@38bb297, org.springframework.security.web.session.SessionManagementFilter@5323b690, org.springframework.security.web.access.ExceptionTranslationFilter@5c658163, org.springframework.security.web.access.intercept.AuthorizationFilter@72139933]
?[2m2023-06-22 11:23:03.498?[0;39m ?[33m WARN?[0;39m ?[35m3356?[0;39m ?[2m---?[0;39m ?[2m[    Test worker]?[0;39m ?[36mo.s.s.c.a.web.builders.WebSecurity      ?[0;39m ?[2m:?[0;39m 

********************************************************************
**********        Security debugging is enabled.       *************
**********    This may include sensitive information.  *************
**********      Do not use in a production system!     *************
********************************************************************


?[2m2023-06-22 11:23:03.536?[0;39m ?[33m WARN?[0;39m ?[35m3356?[0;39m ?[2m---?[0;39m ?[2m[    Test worker]?[0;39m ?[36mJpaBaseConfiguration$JpaWebConfiguration?[0;39m ?[2m:?[0;39m spring.jpa.open-in-view is enabled by default. Therefore, database queries may be performed during view rendering. Explicitly configure spring.jpa.open-in-view to disable this warning
?[2m2023-06-22 11:23:03.570?[0;39m ?[32m INFO?[0;39m ?[35m3356?[0;39m ?[2m---?[0;39m ?[2m[    Test worker]?[0;39m ?[36mo.s.b.a.h2.H2ConsoleAutoConfiguration   ?[0;39m ?[2m:?[0;39m H2 console available at '/h2'. Database available at 'jdbc:h2:mem:test'
?[2m2023-06-22 11:23:03.638?[0;39m ?[32m INFO?[0;39m ?[35m3356?[0;39m ?[2m---?[0;39m ?[2m[    Test worker]?[0;39m ?[36mo.s.b.t.m.w.SpringBootMockServletContext?[0;39m ?[2m:?[0;39m Initializing Spring TestDispatcherServlet ''
?[2m2023-06-22 11:23:03.638?[0;39m ?[32m INFO?[0;39m ?[35m3356?[0;39m ?[2m---?[0;39m ?[2m[    Test worker]?[0;39m ?[36mo.s.t.web.servlet.TestDispatcherServlet ?[0;39m ?[2m:?[0;39m Initializing Servlet ''
?[2m2023-06-22 11:23:03.638?[0;39m ?[32m INFO?[0;39m ?[35m3356?[0;39m ?[2m---?[0;39m ?[2m[    Test worker]?[0;39m ?[36mo.s.t.web.servlet.TestDispatcherServlet ?[0;39m ?[2m:?[0;39m Completed initialization in 0 ms
?[2m2023-06-22 11:23:03.642?[0;39m ?[32m INFO?[0;39m ?[35m3356?[0;39m ?[2m---?[0;39m ?[2m[    Test worker]?[0;39m ?[36m.c.s.m.MemberControllerDocumentationTest?[0;39m ?[2m:?[0;39m Started MemberControllerDocumentationTest in 0.417 seconds (JVM running for 4.045)
?[2m2023-06-22 11:23:03.646?[0;39m ?[32m INFO?[0;39m ?[35m3356?[0;39m ?[2m---?[0;39m ?[2m[    Test worker]?[0;39m ?[36mSpring Security Debugger                ?[0;39m ?[2m:?[0;39m 

************************************************************

Request received for PATCH '/users/1':

org.springframework.mock.web.MockHttpServletRequest@21c8dd3e

servletPath:
pathInfo:/users/1
headers: 
Content-Type: application/json;charset=UTF-8
Accept: application/json
Content-Length: 52


Security filter chain: [
  DisableEncodeUrlFilter
  WebAsyncManagerIntegrationFilter
  SecurityContextPersistenceFilter
  HeaderWriterFilter
  CorsFilter
  LogoutFilter
  OAuth2AuthorizationRequestRedirectFilter
  OAuth2LoginAuthenticationFilter
  JwtAuthenticationFilter
  JwtVerificationFilter
  RequestCacheAwareFilter
  SecurityContextHolderAwareRequestFilter
  AnonymousAuthenticationFilter
  SessionManagementFilter
  ExceptionTranslationFilter
  AuthorizationFilter
]


************************************************************


?[2m2023-06-22 11:23:03.688?[0;39m ?[32m INFO?[0;39m ?[35m3356?[0;39m ?[2m---?[0;39m ?[2m[    Test worker]?[0;39m ?[36mSpring Security Debugger                ?[0;39m ?[2m:?[0;39m 

************************************************************

Request received for GET '/users/1':

org.springframework.mock.web.MockHttpServletRequest@4c006046

servletPath:
pathInfo:/users/1
headers: 
Accept: application/json


Security filter chain: [
  DisableEncodeUrlFilter
  WebAsyncManagerIntegrationFilter
  SecurityContextPersistenceFilter
  HeaderWriterFilter
  CorsFilter
  LogoutFilter
  OAuth2AuthorizationRequestRedirectFilter
  OAuth2LoginAuthenticationFilter
  JwtAuthenticationFilter
  JwtVerificationFilter
  RequestCacheAwareFilter
  SecurityContextHolderAwareRequestFilter
  AnonymousAuthenticationFilter
  SessionManagementFilter
  ExceptionTranslationFilter
  AuthorizationFilter
]


************************************************************


?[2m2023-06-22 11:23:03.696?[0;39m ?[32m INFO?[0;39m ?[35m3356?[0;39m ?[2m---?[0;39m ?[2m[    Test worker]?[0;39m ?[36mSpring Security Debugger                ?[0;39m ?[2m:?[0;39m 

************************************************************

Request received for GET '/users':

org.springframework.mock.web.MockHttpServletRequest@5ce1b67b

servletPath:
pathInfo:/users
headers: 
Accept: application/json


Security filter chain: [
  DisableEncodeUrlFilter
  WebAsyncManagerIntegrationFilter
  SecurityContextPersistenceFilter
  HeaderWriterFilter
  CorsFilter
  LogoutFilter
  OAuth2AuthorizationRequestRedirectFilter
  OAuth2LoginAuthenticationFilter
  JwtAuthenticationFilter
  JwtVerificationFilter
  RequestCacheAwareFilter
  SecurityContextHolderAwareRequestFilter
  AnonymousAuthenticationFilter
  SessionManagementFilter
  ExceptionTranslationFilter
  AuthorizationFilter
]


************************************************************


?[2m2023-06-22 11:23:03.707?[0;39m ?[32m INFO?[0;39m ?[35m3356?[0;39m ?[2m---?[0;39m ?[2m[    Test worker]?[0;39m ?[36mSpring Security Debugger                ?[0;39m ?[2m:?[0;39m 

************************************************************

Request received for POST '/users/signup':

org.springframework.mock.web.MockHttpServletRequest@330a6b76

servletPath:
pathInfo:/users/signup
headers: 
Content-Type: application/json;charset=UTF-8
Accept: application/json
Content-Length: 65


Security filter chain: [
  DisableEncodeUrlFilter
  WebAsyncManagerIntegrationFilter
  SecurityContextPersistenceFilter
  HeaderWriterFilter
  CorsFilter
  LogoutFilter
  OAuth2AuthorizationRequestRedirectFilter
  OAuth2LoginAuthenticationFilter
  JwtAuthenticationFilter
  JwtVerificationFilter
  RequestCacheAwareFilter
  SecurityContextHolderAwareRequestFilter
  AnonymousAuthenticationFilter
  SessionManagementFilter
  ExceptionTranslationFilter
  AuthorizationFilter
]


************************************************************


?[2m2023-06-22 11:23:03.723?[0;39m ?[32m INFO?[0;39m ?[35m3356?[0;39m ?[2m---?[0;39m ?[2m[    Test worker]?[0;39m ?[36mSpring Security Debugger                ?[0;39m ?[2m:?[0;39m 

************************************************************

Request received for DELETE '/users/1':

org.springframework.mock.web.MockHttpServletRequest@2f7765f1

servletPath:
pathInfo:/users/1
headers: 


Security filter chain: [
  DisableEncodeUrlFilter
  WebAsyncManagerIntegrationFilter
  SecurityContextPersistenceFilter
  HeaderWriterFilter
  CorsFilter
  LogoutFilter
  OAuth2AuthorizationRequestRedirectFilter
  OAuth2LoginAuthenticationFilter
  JwtAuthenticationFilter
  JwtVerificationFilter
  RequestCacheAwareFilter
  SecurityContextHolderAwareRequestFilter
  AnonymousAuthenticationFilter
  SessionManagementFilter
  ExceptionTranslationFilter
  AuthorizationFilter
]


************************************************************


?[2m2023-06-22 11:23:03.728?[0;39m ?[32m INFO?[0;39m ?[35m3356?[0;39m ?[2m---?[0;39m ?[2m[    Test worker]?[0;39m ?[36mSpring Security Debugger                ?[0;39m ?[2m:?[0;39m 

************************************************************

Request received for DELETE '/users':

org.springframework.mock.web.MockHttpServletRequest@9c7699e

servletPath:
pathInfo:/users
headers: 


Security filter chain: [
  DisableEncodeUrlFilter
  WebAsyncManagerIntegrationFilter
  SecurityContextPersistenceFilter
  HeaderWriterFilter
  CorsFilter
  LogoutFilter
  OAuth2AuthorizationRequestRedirectFilter
  OAuth2LoginAuthenticationFilter
  JwtAuthenticationFilter
  JwtVerificationFilter
  RequestCacheAwareFilter
  SecurityContextHolderAwareRequestFilter
  AnonymousAuthenticationFilter
  SessionManagementFilter
  ExceptionTranslationFilter
  AuthorizationFilter
]


************************************************************


]]></system-out>
  <system-err><![CDATA[]]></system-err>
</testsuite>
