<?xml version="1.0" encoding="UTF-8"?>
<testsuite name="com.codestates.stackoverflow.member.MemberControllerDocumentationTestWithJwt" tests="8" skipped="0" failures="0" errors="0" timestamp="2023-06-22T02:23:04" hostname="Jiinui-MacBookPro.local" time="0.453">
  <properties/>
  <testcase name="patchMemberTest()" classname="com.codestates.stackoverflow.member.MemberControllerDocumentationTestWithJwt" time="0.017"/>
  <testcase name="loginTest()" classname="com.codestates.stackoverflow.member.MemberControllerDocumentationTestWithJwt" time="0.383"/>
  <testcase name="getMemberTest()" classname="com.codestates.stackoverflow.member.MemberControllerDocumentationTestWithJwt" time="0.011"/>
  <testcase name="getMemberActivities()" classname="com.codestates.stackoverflow.member.MemberControllerDocumentationTestWithJwt" time="0.012"/>
  <testcase name="getMembersTest()" classname="com.codestates.stackoverflow.member.MemberControllerDocumentationTestWithJwt" time="0.009"/>
  <testcase name="postMemberTest()" classname="com.codestates.stackoverflow.member.MemberControllerDocumentationTestWithJwt" time="0.009"/>
  <testcase name="deleteMemberTest()" classname="com.codestates.stackoverflow.member.MemberControllerDocumentationTestWithJwt" time="0.006"/>
  <testcase name="deleteMembersTest()" classname="com.codestates.stackoverflow.member.MemberControllerDocumentationTestWithJwt" time="0.004"/>
  <system-out><![CDATA[?[2m2023-06-22 11:23:03.732?[0;39m ?[32m INFO?[0;39m ?[35m3356?[0;39m ?[2m---?[0;39m ?[2m[    Test worker]?[0;39m ?[36m.b.t.c.SpringBootTestContextBootstrapper?[0;39m ?[2m:?[0;39m Neither @ContextConfiguration nor @ContextHierarchy found for test class [com.codestates.stackoverflow.member.MemberControllerDocumentationTestWithJwt], using SpringBootContextLoader
?[2m2023-06-22 11:23:03.733?[0;39m ?[32m INFO?[0;39m ?[35m3356?[0;39m ?[2m---?[0;39m ?[2m[    Test worker]?[0;39m ?[36mo.s.t.c.support.AbstractContextLoader   ?[0;39m ?[2m:?[0;39m Could not detect default resource locations for test class [com.codestates.stackoverflow.member.MemberControllerDocumentationTestWithJwt]: no resource found for suffixes {-context.xml, Context.groovy}.
?[2m2023-06-22 11:23:03.733?[0;39m ?[32m INFO?[0;39m ?[35m3356?[0;39m ?[2m---?[0;39m ?[2m[    Test worker]?[0;39m ?[36mt.c.s.AnnotationConfigContextLoaderUtils?[0;39m ?[2m:?[0;39m Could not detect default configuration classes for test class [com.codestates.stackoverflow.member.MemberControllerDocumentationTestWithJwt]: MemberControllerDocumentationTestWithJwt does not declare any static, non-private, non-final, nested classes annotated with @Configuration.
?[2m2023-06-22 11:23:03.733?[0;39m ?[32m INFO?[0;39m ?[35m3356?[0;39m ?[2m---?[0;39m ?[2m[    Test worker]?[0;39m ?[36m.b.t.c.SpringBootTestContextBootstrapper?[0;39m ?[2m:?[0;39m Found @SpringBootConfiguration com.codestates.stackoverflow.StackoverflowApplication for test class com.codestates.stackoverflow.member.MemberControllerDocumentationTestWithJwt
?[2m2023-06-22 11:23:03.734?[0;39m ?[32m INFO?[0;39m ?[35m3356?[0;39m ?[2m---?[0;39m ?[2m[    Test worker]?[0;39m ?[36m.b.t.c.SpringBootTestContextBootstrapper?[0;39m ?[2m:?[0;39m Loaded default TestExecutionListener class names from location [META-INF/spring.factories]: [org.springframework.security.test.context.support.WithSecurityContextTestExecutionListener, org.springframework.security.test.context.support.ReactorContextTestExecutionListener, org.springframework.boot.test.autoconfigure.restdocs.RestDocsTestExecutionListener, org.springframework.boot.test.autoconfigure.web.client.MockRestServiceServerResetTestExecutionListener, org.springframework.boot.test.autoconfigure.web.servlet.MockMvcPrintOnlyOnFailureTestExecutionListener, org.springframework.boot.test.autoconfigure.web.servlet.WebDriverTestExecutionListener, org.springframework.boot.test.autoconfigure.webservices.client.MockWebServiceServerTestExecutionListener, org.springframework.boot.test.mock.mockito.MockitoTestExecutionListener, org.springframework.boot.test.mock.mockito.ResetMocksTestExecutionListener, org.springframework.test.context.web.ServletTestExecutionListener, org.springframework.test.context.support.DirtiesContextBeforeModesTestExecutionListener, org.springframework.test.context.event.ApplicationEventsTestExecutionListener, org.springframework.test.context.support.DependencyInjectionTestExecutionListener, org.springframework.test.context.support.DirtiesContextTestExecutionListener, org.springframework.test.context.transaction.TransactionalTestExecutionListener, org.springframework.test.context.jdbc.SqlScriptsTestExecutionListener, org.springframework.test.context.event.EventPublishingTestExecutionListener]
?[2m2023-06-22 11:23:03.734?[0;39m ?[32m INFO?[0;39m ?[35m3356?[0;39m ?[2m---?[0;39m ?[2m[    Test worker]?[0;39m ?[36m.b.t.c.SpringBootTestContextBootstrapper?[0;39m ?[2m:?[0;39m Using TestExecutionListeners: [org.springframework.test.context.web.ServletTestExecutionListener@21f3a99c, org.springframework.test.context.support.DirtiesContextBeforeModesTestExecutionListener@76c1ede3, org.springframework.test.context.event.ApplicationEventsTestExecutionListener@59e938a4, org.springframework.boot.test.mock.mockito.MockitoTestExecutionListener@323a47fe, org.springframework.boot.test.autoconfigure.SpringBootDependencyInjectionTestExecutionListener@eb9b76c, org.springframework.test.context.support.DirtiesContextTestExecutionListener@776eedad, org.springframework.test.context.transaction.TransactionalTestExecutionListener@6752d7fc, org.springframework.test.context.jdbc.SqlScriptsTestExecutionListener@7b7695f, org.springframework.security.test.context.support.WithSecurityContextTestExecutionListener@4476ac12, org.springframework.test.context.event.EventPublishingTestExecutionListener@447522b4, org.springframework.security.test.context.support.ReactorContextTestExecutionListener@3569f0f1, org.springframework.boot.test.autoconfigure.restdocs.RestDocsTestExecutionListener@9a88a92, org.springframework.boot.test.autoconfigure.web.client.MockRestServiceServerResetTestExecutionListener@784fb189, org.springframework.boot.test.autoconfigure.web.servlet.MockMvcPrintOnlyOnFailureTestExecutionListener@15c25cb6, org.springframework.boot.test.autoconfigure.web.servlet.WebDriverTestExecutionListener@6fd6d887, org.springframework.boot.test.autoconfigure.webservices.client.MockWebServiceServerTestExecutionListener@22e733f5, org.springframework.boot.test.mock.mockito.ResetMocksTestExecutionListener@27211dd9]

  .   ____          _            __ _ _
 /\\ / ___'_ __ _ _(_)_ __  __ _ \ \ \ \
( ( )\___ | '_ | '_| | '_ \/ _` | \ \ \ \
 \\/  ___)| |_)| | | | | || (_| |  ) ) ) )
  '  |____| .__|_| |_|_| |_\__, | / / / /
 =========|_|==============|___/=/_/_/_/
?[32m :: Spring Boot :: ?[39m             ?[2m (v2.7.12)?[0;39m

?[2m2023-06-22 11:23:03.741?[0;39m ?[32m INFO?[0;39m ?[35m3356?[0;39m ?[2m---?[0;39m ?[2m[    Test worker]?[0;39m ?[36mMemberControllerDocumentationTestWithJwt?[0;39m ?[2m:?[0;39m Starting MemberControllerDocumentationTestWithJwt using Java 11.0.19 on Jiinui-MacBookPro.local with PID 3356 (started by jiinpark in /Users/jiinpark/Dev/Projects/pre-project/stackoverflow)
?[2m2023-06-22 11:23:03.741?[0;39m ?[32m INFO?[0;39m ?[35m3356?[0;39m ?[2m---?[0;39m ?[2m[    Test worker]?[0;39m ?[36mMemberControllerDocumentationTestWithJwt?[0;39m ?[2m:?[0;39m No active profile set, falling back to 1 default profile: "default"
?[2m2023-06-22 11:23:03.804?[0;39m ?[32m INFO?[0;39m ?[35m3356?[0;39m ?[2m---?[0;39m ?[2m[    Test worker]?[0;39m ?[36m.s.d.r.c.RepositoryConfigurationDelegate?[0;39m ?[2m:?[0;39m Bootstrapping Spring Data JPA repositories in DEFAULT mode.
?[2m2023-06-22 11:23:03.812?[0;39m ?[32m INFO?[0;39m ?[35m3356?[0;39m ?[2m---?[0;39m ?[2m[    Test worker]?[0;39m ?[36m.s.d.r.c.RepositoryConfigurationDelegate?[0;39m ?[2m:?[0;39m Finished Spring Data repository scanning in 8 ms. Found 3 JPA repository interfaces.
?[2m2023-06-22 11:23:03.872?[0;39m ?[32m INFO?[0;39m ?[35m3356?[0;39m ?[2m---?[0;39m ?[2m[    Test worker]?[0;39m ?[36mo.hibernate.jpa.internal.util.LogHelper ?[0;39m ?[2m:?[0;39m HHH000204: Processing PersistenceUnitInfo [name: default]
?[2m2023-06-22 11:23:03.874?[0;39m ?[32m INFO?[0;39m ?[35m3356?[0;39m ?[2m---?[0;39m ?[2m[    Test worker]?[0;39m ?[36mcom.zaxxer.hikari.HikariDataSource      ?[0;39m ?[2m:?[0;39m HikariPool-4 - Starting...
?[2m2023-06-22 11:23:03.875?[0;39m ?[32m INFO?[0;39m ?[35m3356?[0;39m ?[2m---?[0;39m ?[2m[    Test worker]?[0;39m ?[36mcom.zaxxer.hikari.HikariDataSource      ?[0;39m ?[2m:?[0;39m HikariPool-4 - Start completed.
?[2m2023-06-22 11:23:03.875?[0;39m ?[32m INFO?[0;39m ?[35m3356?[0;39m ?[2m---?[0;39m ?[2m[    Test worker]?[0;39m ?[36morg.hibernate.dialect.Dialect           ?[0;39m ?[2m:?[0;39m HHH000400: Using dialect: org.hibernate.dialect.H2Dialect
?[35m[Hibernate]?[0m 
    
    ?[34mdrop?[0m ?[34mtable?[0m ?[34mif?[0m ?[34mexists?[0m answer ?[34mCASCADE?[0m 
?[35m[Hibernate]?[0m 
    
    ?[34mdrop?[0m ?[34mtable?[0m ?[34mif?[0m ?[34mexists?[0m ?[34mmember?[0m ?[34mCASCADE?[0m 
?[35m[Hibernate]?[0m 
    
    ?[34mdrop?[0m ?[34mtable?[0m ?[34mif?[0m ?[34mexists?[0m member_roles ?[34mCASCADE?[0m 
?[35m[Hibernate]?[0m 
    
    ?[34mdrop?[0m ?[34mtable?[0m ?[34mif?[0m ?[34mexists?[0m question ?[34mCASCADE?[0m 
?[35m[Hibernate]?[0m 
    
    ?[34mcreate?[0m ?[34mtable?[0m answer (
       answer_id ?[34mbigint?[0m generated ?[34mby?[0m ?[34mdefault?[0m ?[34mas?[0m ?[34midentity?[0m,
        created_at DATETIME(0),
        created_by ?[34mvarchar?[0m(255),
        last_modified_at DATETIME(0),
        content ?[34mvarchar?[0m(255) ?[34mnot?[0m ?[34mnull?[0m,
        member_id ?[34mbigint?[0m,
        question_id ?[34mbigint?[0m,
        ?[34mprimary?[0m ?[34mkey?[0m (answer_id)
    )
?[35m[Hibernate]?[0m 
    
    ?[34mcreate?[0m ?[34mtable?[0m ?[34mmember?[0m (
       member_id ?[34mbigint?[0m generated ?[34mby?[0m ?[34mdefault?[0m ?[34mas?[0m ?[34midentity?[0m,
        created_at DATETIME(0) ?[34mnot?[0m ?[34mnull?[0m,
        email ?[34mvarchar?[0m(255) ?[34mnot?[0m ?[34mnull?[0m,
        modified_at DATETIME(0) ?[34mnot?[0m ?[34mnull?[0m,
        name ?[34mvarchar?[0m(100) ?[34mnot?[0m ?[34mnull?[0m,
        password ?[34mvarchar?[0m(100) ?[34mnot?[0m ?[34mnull?[0m,
        ?[34mprimary?[0m ?[34mkey?[0m (member_id)
    )
?[35m[Hibernate]?[0m 
    
    ?[34mcreate?[0m ?[34mtable?[0m member_roles (
       member_member_id ?[34mbigint?[0m ?[34mnot?[0m ?[34mnull?[0m,
        roles ?[34mvarchar?[0m(255)
    )
?[35m[Hibernate]?[0m 
    
    ?[34mcreate?[0m ?[34mtable?[0m question (
       id ?[34mbigint?[0m generated ?[34mby?[0m ?[34mdefault?[0m ?[34mas?[0m ?[34midentity?[0m,
        content TEXT ?[34mnot?[0m ?[34mnull?[0m,
        create_by ?[34mvarchar?[0m(255),
        created_at DATETIME(0) ?[34mnot?[0m ?[34mnull?[0m,
        modified_at DATETIME(0) ?[34mnot?[0m ?[34mnull?[0m,
        title ?[34mvarchar?[0m(150) ?[34mnot?[0m ?[34mnull?[0m,
        view_count ?[34mbigint?[0m ?[34mnot?[0m ?[34mnull?[0m,
        member_id ?[34mbigint?[0m,
        ?[34mprimary?[0m ?[34mkey?[0m (id)
    )
?[35m[Hibernate]?[0m 
    
    ?[34malter?[0m ?[34mtable?[0m ?[34mmember?[0m 
       ?[34madd?[0m ?[34mconstraint?[0m UK_mbmcqelty0fbrvxp1q58dn57t ?[34munique?[0m (email)
?[35m[Hibernate]?[0m 
    
    ?[34malter?[0m ?[34mtable?[0m answer 
       ?[34madd?[0m ?[34mconstraint?[0m FKn2sp5pa6h0u2kixjl2r4vfluf 
       ?[34mforeign?[0m ?[34mkey?[0m (member_id) 
       ?[34mreferences?[0m ?[34mmember?[0m
?[35m[Hibernate]?[0m 
    
    ?[34malter?[0m ?[34mtable?[0m answer 
       ?[34madd?[0m ?[34mconstraint?[0m FK8frr4bcabmmeyyu60qt7iiblo 
       ?[34mforeign?[0m ?[34mkey?[0m (question_id) 
       ?[34mreferences?[0m question
?[35m[Hibernate]?[0m 
    
    ?[34malter?[0m ?[34mtable?[0m member_roles 
       ?[34madd?[0m ?[34mconstraint?[0m FKruptm2dtwl95mfks4bnhv828k 
       ?[34mforeign?[0m ?[34mkey?[0m (member_member_id) 
       ?[34mreferences?[0m ?[34mmember?[0m
?[35m[Hibernate]?[0m 
    
    ?[34malter?[0m ?[34mtable?[0m question 
       ?[34madd?[0m ?[34mconstraint?[0m FK1nuuke7olg7b9fkyp2ba9d5bx 
       ?[34mforeign?[0m ?[34mkey?[0m (member_id) 
       ?[34mreferences?[0m ?[34mmember?[0m
?[2m2023-06-22 11:23:03.905?[0;39m ?[32m INFO?[0;39m ?[35m3356?[0;39m ?[2m---?[0;39m ?[2m[    Test worker]?[0;39m ?[36mo.h.e.t.j.p.i.JtaPlatformInitiator      ?[0;39m ?[2m:?[0;39m HHH000490: Using JtaPlatform implementation: [org.hibernate.engine.transaction.jta.platform.internal.NoJtaPlatform]
?[2m2023-06-22 11:23:03.905?[0;39m ?[32m INFO?[0;39m ?[35m3356?[0;39m ?[2m---?[0;39m ?[2m[    Test worker]?[0;39m ?[36mj.LocalContainerEntityManagerFactoryBean?[0;39m ?[2m:?[0;39m Initialized JPA EntityManagerFactory for persistence unit 'default'
?[2m2023-06-22 11:23:03.970?[0;39m ?[32m INFO?[0;39m ?[35m3356?[0;39m ?[2m---?[0;39m ?[2m[    Test worker]?[0;39m ?[36mo.s.s.web.DefaultSecurityFilterChain    ?[0;39m ?[2m:?[0;39m Will secure any request with [org.springframework.security.web.session.DisableEncodeUrlFilter@71b6886, org.springframework.security.web.context.request.async.WebAsyncManagerIntegrationFilter@7bdab06c, org.springframework.security.web.context.SecurityContextPersistenceFilter@ac51234, org.springframework.security.web.header.HeaderWriterFilter@1f799f4c, org.springframework.web.filter.CorsFilter@620bab73, org.springframework.security.web.authentication.logout.LogoutFilter@3095a6e0, org.springframework.security.oauth2.client.web.OAuth2AuthorizationRequestRedirectFilter@75ad8ca8, org.springframework.security.oauth2.client.web.OAuth2LoginAuthenticationFilter@201a6b7d, com.codestates.stackoverflow.auth.filter.JwtAuthenticationFilter@11b975cc, com.codestates.stackoverflow.auth.filter.JwtVerificationFilter@4d3a7025, org.springframework.security.web.savedrequest.RequestCacheAwareFilter@1886e8b9, org.springframework.security.web.servletapi.SecurityContextHolderAwareRequestFilter@4b56971a, org.springframework.security.web.authentication.AnonymousAuthenticationFilter@634de03e, org.springframework.security.web.session.SessionManagementFilter@66be0ea, org.springframework.security.web.access.ExceptionTranslationFilter@20c642ef, org.springframework.security.web.access.intercept.AuthorizationFilter@681285ec]
?[2m2023-06-22 11:23:03.973?[0;39m ?[33m WARN?[0;39m ?[35m3356?[0;39m ?[2m---?[0;39m ?[2m[    Test worker]?[0;39m ?[36mo.s.s.c.a.web.builders.WebSecurity      ?[0;39m ?[2m:?[0;39m 

********************************************************************
**********        Security debugging is enabled.       *************
**********    This may include sensitive information.  *************
**********      Do not use in a production system!     *************
********************************************************************


?[2m2023-06-22 11:23:04.002?[0;39m ?[33m WARN?[0;39m ?[35m3356?[0;39m ?[2m---?[0;39m ?[2m[    Test worker]?[0;39m ?[36mJpaBaseConfiguration$JpaWebConfiguration?[0;39m ?[2m:?[0;39m spring.jpa.open-in-view is enabled by default. Therefore, database queries may be performed during view rendering. Explicitly configure spring.jpa.open-in-view to disable this warning
?[2m2023-06-22 11:23:04.032?[0;39m ?[32m INFO?[0;39m ?[35m3356?[0;39m ?[2m---?[0;39m ?[2m[    Test worker]?[0;39m ?[36mo.s.b.a.h2.H2ConsoleAutoConfiguration   ?[0;39m ?[2m:?[0;39m H2 console available at '/h2'. Database available at 'jdbc:h2:mem:test'
?[2m2023-06-22 11:23:04.112?[0;39m ?[32m INFO?[0;39m ?[35m3356?[0;39m ?[2m---?[0;39m ?[2m[    Test worker]?[0;39m ?[36mo.s.b.t.m.w.SpringBootMockServletContext?[0;39m ?[2m:?[0;39m Initializing Spring TestDispatcherServlet ''
?[2m2023-06-22 11:23:04.112?[0;39m ?[32m INFO?[0;39m ?[35m3356?[0;39m ?[2m---?[0;39m ?[2m[    Test worker]?[0;39m ?[36mo.s.t.web.servlet.TestDispatcherServlet ?[0;39m ?[2m:?[0;39m Initializing Servlet ''
?[2m2023-06-22 11:23:04.112?[0;39m ?[32m INFO?[0;39m ?[35m3356?[0;39m ?[2m---?[0;39m ?[2m[    Test worker]?[0;39m ?[36mo.s.t.web.servlet.TestDispatcherServlet ?[0;39m ?[2m:?[0;39m Completed initialization in 0 ms
?[2m2023-06-22 11:23:04.116?[0;39m ?[32m INFO?[0;39m ?[35m3356?[0;39m ?[2m---?[0;39m ?[2m[    Test worker]?[0;39m ?[36mMemberControllerDocumentationTestWithJwt?[0;39m ?[2m:?[0;39m Started MemberControllerDocumentationTestWithJwt in 0.381 seconds (JVM running for 4.519)
?[2m2023-06-22 11:23:04.120?[0;39m ?[32m INFO?[0;39m ?[35m3356?[0;39m ?[2m---?[0;39m ?[2m[    Test worker]?[0;39m ?[36mSpring Security Debugger                ?[0;39m ?[2m:?[0;39m 

************************************************************

Request received for PATCH '/users/1':

org.springframework.mock.web.MockHttpServletRequest@763ff91

servletPath:
pathInfo:/users/1
headers: 
Content-Type: application/json;charset=UTF-8
Accept: application/json
Authorization: Bearer eyJhbGciOiJIUzI1NiJ9.eyJyb2xlcyI6WyJVU0VSIl0sInVzZ~
Content-Length: 52


Security filter chain: [
  DisableEncodeUrlFilter
  WebAsyncManagerIntegrationFilter
  SecurityContextPersistenceFilter
  HeaderWriterFilter
  CorsFilter
  LogoutFilter
  OAuth2AuthorizationRequestRedirectFilter
  OAuth2LoginAuthenticationFilter
  JwtAuthenticationFilter
  JwtVerificationFilter
  RequestCacheAwareFilter
  SecurityContextHolderAwareRequestFilter
  AnonymousAuthenticationFilter
  SessionManagementFilter
  ExceptionTranslationFilter
  AuthorizationFilter
]


************************************************************


?[35m[Hibernate]?[0m 
    /* ?[34mselect?[0m
        generatedAlias0 
    ?[34mfrom?[0m
        ?[34mMember?[0m ?[34mas?[0m generatedAlias0 
    ?[34mwhere?[0m
        generatedAlias0.email=:param0 */ ?[34mselect?[0m
            member0_.member_id ?[34mas?[0m member_i1_1_,
            member0_.created_at ?[34mas?[0m created_2_1_,
            member0_.email ?[34mas?[0m email3_1_,
            member0_.modified_at ?[34mas?[0m modified4_1_,
            member0_.name ?[34mas?[0m name5_1_,
            member0_.password ?[34mas?[0m password6_1_ 
        ?[34mfrom?[0m
            ?[34mmember?[0m member0_ 
        ?[34mwhere?[0m
            member0_.email=?
?[2m2023-06-22 11:23:04.202?[0;39m ?[32mTRACE?[0;39m ?[35m3356?[0;39m ?[2m---?[0;39m ?[2m[    Test worker]?[0;39m ?[36mo.h.type.descriptor.sql.BasicBinder     ?[0;39m ?[2m:?[0;39m binding parameter [1] as [VARCHAR] - [jeein@gmail.com]
?[35m[Hibernate]?[0m 
    /* load com.codestates.stackoverflow.?[34mmember?[0m.entity.?[34mMember?[0m */ ?[34mselect?[0m
        member0_.member_id ?[34mas?[0m member_i1_1_0_,
        member0_.created_at ?[34mas?[0m created_2_1_0_,
        member0_.email ?[34mas?[0m email3_1_0_,
        member0_.modified_at ?[34mas?[0m modified4_1_0_,
        member0_.name ?[34mas?[0m name5_1_0_,
        member0_.password ?[34mas?[0m password6_1_0_ 
    ?[34mfrom?[0m
        ?[34mmember?[0m member0_ 
    ?[34mwhere?[0m
        member0_.member_id=?
?[2m2023-06-22 11:23:04.304?[0;39m ?[32mTRACE?[0;39m ?[35m3356?[0;39m ?[2m---?[0;39m ?[2m[    Test worker]?[0;39m ?[36mo.h.type.descriptor.sql.BasicBinder     ?[0;39m ?[2m:?[0;39m binding parameter [1] as [BIGINT] - [1]
?[35m[Hibernate]?[0m 
    /* ?[34minsert?[0m com.codestates.stackoverflow.?[34mmember?[0m.entity.?[34mMember?[0m
        */ ?[34minsert?[0m 
        ?[34minto?[0m
            ?[34mmember?[0m
            (member_id, created_at, email, modified_at, name, password) 
        ?[34mvalues?[0m
            (?[34mdefault?[0m, ?, ?, ?, ?, ?)
?[2m2023-06-22 11:23:04.314?[0;39m ?[32mTRACE?[0;39m ?[35m3356?[0;39m ?[2m---?[0;39m ?[2m[    Test worker]?[0;39m ?[36mo.h.type.descriptor.sql.BasicBinder     ?[0;39m ?[2m:?[0;39m binding parameter [1] as [TIMESTAMP] - [2023-06-22T11:23:04.135991]
?[2m2023-06-22 11:23:04.314?[0;39m ?[32mTRACE?[0;39m ?[35m3356?[0;39m ?[2m---?[0;39m ?[2m[    Test worker]?[0;39m ?[36mo.h.type.descriptor.sql.BasicBinder     ?[0;39m ?[2m:?[0;39m binding parameter [2] as [VARCHAR] - [jeein@gmail.com]
?[2m2023-06-22 11:23:04.314?[0;39m ?[32mTRACE?[0;39m ?[35m3356?[0;39m ?[2m---?[0;39m ?[2m[    Test worker]?[0;39m ?[36mo.h.type.descriptor.sql.BasicBinder     ?[0;39m ?[2m:?[0;39m binding parameter [3] as [TIMESTAMP] - [2023-06-22T11:23:04.136]
?[2m2023-06-22 11:23:04.314?[0;39m ?[32mTRACE?[0;39m ?[35m3356?[0;39m ?[2m---?[0;39m ?[2m[    Test worker]?[0;39m ?[36mo.h.type.descriptor.sql.BasicBinder     ?[0;39m ?[2m:?[0;39m binding parameter [4] as [VARCHAR] - [jeein Park]
?[2m2023-06-22 11:23:04.314?[0;39m ?[32mTRACE?[0;39m ?[35m3356?[0;39m ?[2m---?[0;39m ?[2m[    Test worker]?[0;39m ?[36mo.h.type.descriptor.sql.BasicBinder     ?[0;39m ?[2m:?[0;39m binding parameter [5] as [VARCHAR] - [{bcrypt}$2a$10$N/wbJh67Z.OhWeU3mY2waOK48try5l7E4CTR79k1T/.1MUeVzKHDy]
?[35m[Hibernate]?[0m 
    /* ?[34minsert?[0m collection
        ?[34mrow?[0m com.codestates.stackoverflow.?[34mmember?[0m.entity.?[34mMember?[0m.roles */ ?[34minsert?[0m 
        ?[34minto?[0m
            member_roles
            (member_member_id, roles) 
        ?[34mvalues?[0m
            (?, ?)
?[2m2023-06-22 11:23:04.324?[0;39m ?[32mTRACE?[0;39m ?[35m3356?[0;39m ?[2m---?[0;39m ?[2m[    Test worker]?[0;39m ?[36mo.h.type.descriptor.sql.BasicBinder     ?[0;39m ?[2m:?[0;39m binding parameter [1] as [BIGINT] - [1]
?[2m2023-06-22 11:23:04.324?[0;39m ?[32mTRACE?[0;39m ?[35m3356?[0;39m ?[2m---?[0;39m ?[2m[    Test worker]?[0;39m ?[36mo.h.type.descriptor.sql.BasicBinder     ?[0;39m ?[2m:?[0;39m binding parameter [2] as [VARCHAR] - [USER]
?[35m[Hibernate]?[0m 
    ?[34mselect?[0m
        member0_.member_id ?[34mas?[0m member_i1_1_0_,
        member0_.created_at ?[34mas?[0m created_2_1_0_,
        member0_.email ?[34mas?[0m email3_1_0_,
        member0_.modified_at ?[34mas?[0m modified4_1_0_,
        member0_.name ?[34mas?[0m name5_1_0_,
        member0_.password ?[34mas?[0m password6_1_0_,
        roles1_.member_member_id ?[34mas?[0m member_m1_2_1_,
        roles1_.roles ?[34mas?[0m roles2_2_1_ 
    ?[34mfrom?[0m
        ?[34mmember?[0m member0_ 
    ?[34mleft?[0m ?[34mouter?[0m ?[34mjoin?[0m
        member_roles roles1_ 
            ?[34mon?[0m member0_.member_id=roles1_.member_member_id 
    ?[34mwhere?[0m
        member0_.member_id=?
?[2m2023-06-22 11:23:04.328?[0;39m ?[32mTRACE?[0;39m ?[35m3356?[0;39m ?[2m---?[0;39m ?[2m[    Test worker]?[0;39m ?[36mo.h.type.descriptor.sql.BasicBinder     ?[0;39m ?[2m:?[0;39m binding parameter [1] as [BIGINT] - [1]
jeein@gmail.com
?[2m2023-06-22 11:23:04.334?[0;39m ?[32m INFO?[0;39m ?[35m3356?[0;39m ?[2m---?[0;39m ?[2m[    Test worker]?[0;39m ?[36mSpring Security Debugger                ?[0;39m ?[2m:?[0;39m 

************************************************************

Request received for POST '/users/login':

org.springframework.mock.web.MockHttpServletRequest@73021987

servletPath:
pathInfo:/users/login
headers: 
Content-Type: application/json;charset=UTF-8
Accept: application/json
Content-Length: 48


Security filter chain: [
  DisableEncodeUrlFilter
  WebAsyncManagerIntegrationFilter
  SecurityContextPersistenceFilter
  HeaderWriterFilter
  CorsFilter
  LogoutFilter
  OAuth2AuthorizationRequestRedirectFilter
  OAuth2LoginAuthenticationFilter
  JwtAuthenticationFilter
  JwtVerificationFilter
  RequestCacheAwareFilter
  SecurityContextHolderAwareRequestFilter
  AnonymousAuthenticationFilter
  SessionManagementFilter
  ExceptionTranslationFilter
  AuthorizationFilter
]


************************************************************


?[35m[Hibernate]?[0m 
    /* ?[34mselect?[0m
        generatedAlias0 
    ?[34mfrom?[0m
        ?[34mMember?[0m ?[34mas?[0m generatedAlias0 
    ?[34mwhere?[0m
        generatedAlias0.email=:param0 */ ?[34mselect?[0m
            member0_.member_id ?[34mas?[0m member_i1_1_,
            member0_.created_at ?[34mas?[0m created_2_1_,
            member0_.email ?[34mas?[0m email3_1_,
            member0_.modified_at ?[34mas?[0m modified4_1_,
            member0_.name ?[34mas?[0m name5_1_,
            member0_.password ?[34mas?[0m password6_1_ 
        ?[34mfrom?[0m
            ?[34mmember?[0m member0_ 
        ?[34mwhere?[0m
            member0_.email=?
?[2m2023-06-22 11:23:04.407?[0;39m ?[32mTRACE?[0;39m ?[35m3356?[0;39m ?[2m---?[0;39m ?[2m[    Test worker]?[0;39m ?[36mo.h.type.descriptor.sql.BasicBinder     ?[0;39m ?[2m:?[0;39m binding parameter [1] as [VARCHAR] - [jeein@gmail.com]
?[35m[Hibernate]?[0m 
    ?[34mselect?[0m
        roles0_.member_member_id ?[34mas?[0m member_m1_2_0_,
        roles0_.roles ?[34mas?[0m roles2_2_0_ 
    ?[34mfrom?[0m
        member_roles roles0_ 
    ?[34mwhere?[0m
        roles0_.member_member_id=?
?[2m2023-06-22 11:23:04.408?[0;39m ?[32mTRACE?[0;39m ?[35m3356?[0;39m ?[2m---?[0;39m ?[2m[    Test worker]?[0;39m ?[36mo.h.type.descriptor.sql.BasicBinder     ?[0;39m ?[2m:?[0;39m binding parameter [1] as [BIGINT] - [1]
?[2m2023-06-22 11:23:04.506?[0;39m ?[32m INFO?[0;39m ?[35m3356?[0;39m ?[2m---?[0;39m ?[2m[    Test worker]?[0;39m ?[36ms.a.h.MemberAuthenticationSuccessHandler?[0;39m ?[2m:?[0;39m # Authenticated successfully!
?[2m2023-06-22 11:23:04.519?[0;39m ?[32m INFO?[0;39m ?[35m3356?[0;39m ?[2m---?[0;39m ?[2m[    Test worker]?[0;39m ?[36mSpring Security Debugger                ?[0;39m ?[2m:?[0;39m 

************************************************************

Request received for GET '/users/1':

org.springframework.mock.web.MockHttpServletRequest@639ea347

servletPath:
pathInfo:/users/1
headers: 
Accept: application/json
Authorization: Bearer eyJhbGciOiJIUzI1NiJ9.eyJyb2xlcyI6WyJVU0VSIl0sInVzZ~


Security filter chain: [
  DisableEncodeUrlFilter
  WebAsyncManagerIntegrationFilter
  SecurityContextPersistenceFilter
  HeaderWriterFilter
  CorsFilter
  LogoutFilter
  OAuth2AuthorizationRequestRedirectFilter
  OAuth2LoginAuthenticationFilter
  JwtAuthenticationFilter
  JwtVerificationFilter
  RequestCacheAwareFilter
  SecurityContextHolderAwareRequestFilter
  AnonymousAuthenticationFilter
  SessionManagementFilter
  ExceptionTranslationFilter
  AuthorizationFilter
]


************************************************************


?[2m2023-06-22 11:23:04.531?[0;39m ?[32m INFO?[0;39m ?[35m3356?[0;39m ?[2m---?[0;39m ?[2m[    Test worker]?[0;39m ?[36mSpring Security Debugger                ?[0;39m ?[2m:?[0;39m 

************************************************************

Request received for GET '/users/getInfo/1':

org.springframework.mock.web.MockHttpServletRequest@48c6107a

servletPath:
pathInfo:/users/getInfo/1
headers: 
Accept: application/json
Authorization: Bearer eyJhbGciOiJIUzI1NiJ9.eyJyb2xlcyI6WyJVU0VSIl0sInVzZ~


Security filter chain: [
  DisableEncodeUrlFilter
  WebAsyncManagerIntegrationFilter
  SecurityContextPersistenceFilter
  HeaderWriterFilter
  CorsFilter
  LogoutFilter
  OAuth2AuthorizationRequestRedirectFilter
  OAuth2LoginAuthenticationFilter
  JwtAuthenticationFilter
  JwtVerificationFilter
  RequestCacheAwareFilter
  SecurityContextHolderAwareRequestFilter
  AnonymousAuthenticationFilter
  SessionManagementFilter
  ExceptionTranslationFilter
  AuthorizationFilter
]


************************************************************


?[2m2023-06-22 11:23:04.543?[0;39m ?[32m INFO?[0;39m ?[35m3356?[0;39m ?[2m---?[0;39m ?[2m[    Test worker]?[0;39m ?[36mSpring Security Debugger                ?[0;39m ?[2m:?[0;39m 

************************************************************

Request received for GET '/users':

org.springframework.mock.web.MockHttpServletRequest@789a9354

servletPath:
pathInfo:/users
headers: 
Accept: application/json


Security filter chain: [
  DisableEncodeUrlFilter
  WebAsyncManagerIntegrationFilter
  SecurityContextPersistenceFilter
  HeaderWriterFilter
  CorsFilter
  LogoutFilter
  OAuth2AuthorizationRequestRedirectFilter
  OAuth2LoginAuthenticationFilter
  JwtAuthenticationFilter
  JwtVerificationFilter
  RequestCacheAwareFilter
  SecurityContextHolderAwareRequestFilter
  AnonymousAuthenticationFilter
  SessionManagementFilter
  ExceptionTranslationFilter
  AuthorizationFilter
]


************************************************************


?[2m2023-06-22 11:23:04.552?[0;39m ?[32m INFO?[0;39m ?[35m3356?[0;39m ?[2m---?[0;39m ?[2m[    Test worker]?[0;39m ?[36mSpring Security Debugger                ?[0;39m ?[2m:?[0;39m 

************************************************************

Request received for POST '/users/signup':

org.springframework.mock.web.MockHttpServletRequest@ff1d29

servletPath:
pathInfo:/users/signup
headers: 
Content-Type: application/json;charset=UTF-8
Accept: application/json
Content-Length: 65


Security filter chain: [
  DisableEncodeUrlFilter
  WebAsyncManagerIntegrationFilter
  SecurityContextPersistenceFilter
  HeaderWriterFilter
  CorsFilter
  LogoutFilter
  OAuth2AuthorizationRequestRedirectFilter
  OAuth2LoginAuthenticationFilter
  JwtAuthenticationFilter
  JwtVerificationFilter
  RequestCacheAwareFilter
  SecurityContextHolderAwareRequestFilter
  AnonymousAuthenticationFilter
  SessionManagementFilter
  ExceptionTranslationFilter
  AuthorizationFilter
]


************************************************************


?[2m2023-06-22 11:23:04.562?[0;39m ?[32m INFO?[0;39m ?[35m3356?[0;39m ?[2m---?[0;39m ?[2m[    Test worker]?[0;39m ?[36mSpring Security Debugger                ?[0;39m ?[2m:?[0;39m 

************************************************************

Request received for DELETE '/users/1':

org.springframework.mock.web.MockHttpServletRequest@28062dc2

servletPath:
pathInfo:/users/1
headers: 
Authorization: Bearer eyJhbGciOiJIUzI1NiJ9.eyJyb2xlcyI6WyJVU0VSIl0sInVzZ~


Security filter chain: [
  DisableEncodeUrlFilter
  WebAsyncManagerIntegrationFilter
  SecurityContextPersistenceFilter
  HeaderWriterFilter
  CorsFilter
  LogoutFilter
  OAuth2AuthorizationRequestRedirectFilter
  OAuth2LoginAuthenticationFilter
  JwtAuthenticationFilter
  JwtVerificationFilter
  RequestCacheAwareFilter
  SecurityContextHolderAwareRequestFilter
  AnonymousAuthenticationFilter
  SessionManagementFilter
  ExceptionTranslationFilter
  AuthorizationFilter
]


************************************************************


?[2m2023-06-22 11:23:04.568?[0;39m ?[32m INFO?[0;39m ?[35m3356?[0;39m ?[2m---?[0;39m ?[2m[    Test worker]?[0;39m ?[36mSpring Security Debugger                ?[0;39m ?[2m:?[0;39m 

************************************************************

Request received for DELETE '/users':

org.springframework.mock.web.MockHttpServletRequest@31f5829e

servletPath:
pathInfo:/users
headers: 
Authorization: Bearer eyJhbGciOiJIUzI1NiJ9.eyJyb2xlcyI6WyJVU0VSIl0sInVzZ~


Security filter chain: [
  DisableEncodeUrlFilter
  WebAsyncManagerIntegrationFilter
  SecurityContextPersistenceFilter
  HeaderWriterFilter
  CorsFilter
  LogoutFilter
  OAuth2AuthorizationRequestRedirectFilter
  OAuth2LoginAuthenticationFilter
  JwtAuthenticationFilter
  JwtVerificationFilter
  RequestCacheAwareFilter
  SecurityContextHolderAwareRequestFilter
  AnonymousAuthenticationFilter
  SessionManagementFilter
  ExceptionTranslationFilter
  AuthorizationFilter
]


************************************************************


]]></system-out>
  <system-err><![CDATA[]]></system-err>
</testsuite>
