<?xml version="1.0" encoding="UTF-8"?>
<testsuite name="com.codestates.stackoverflow.StackoverflowApplicationTests" tests="1" skipped="0" failures="0" errors="0" timestamp="2023-06-22T02:23:02" hostname="Jiinui-MacBookPro.local" time="0.052">
  <properties/>
  <testcase name="contextLoads()" classname="com.codestates.stackoverflow.StackoverflowApplicationTests" time="0.052"/>
  <system-out><![CDATA[11:23:00.030 [Test worker] DEBUG org.springframework.test.context.BootstrapUtils - Instantiating CacheAwareContextLoaderDelegate from class [org.springframework.test.context.cache.DefaultCacheAwareContextLoaderDelegate]
11:23:00.035 [Test worker] DEBUG org.springframework.test.context.BootstrapUtils - Instantiating BootstrapContext using constructor [public org.springframework.test.context.support.DefaultBootstrapContext(java.lang.Class,org.springframework.test.context.CacheAwareContextLoaderDelegate)]
11:23:00.051 [Test worker] DEBUG org.springframework.test.context.BootstrapUtils - Instantiating TestContextBootstrapper for test class [com.codestates.stackoverflow.StackoverflowApplicationTests] from class [org.springframework.boot.test.context.SpringBootTestContextBootstrapper]
11:23:00.056 [Test worker] INFO org.springframework.boot.test.context.SpringBootTestContextBootstrapper - Neither @ContextConfiguration nor @ContextHierarchy found for test class [com.codestates.stackoverflow.StackoverflowApplicationTests], using SpringBootContextLoader
11:23:00.057 [Test worker] DEBUG org.springframework.test.context.support.AbstractContextLoader - Did not detect default resource location for test class [com.codestates.stackoverflow.StackoverflowApplicationTests]: class path resource [com/codestates/stackoverflow/StackoverflowApplicationTests-context.xml] does not exist
11:23:00.058 [Test worker] DEBUG org.springframework.test.context.support.AbstractContextLoader - Did not detect default resource location for test class [com.codestates.stackoverflow.StackoverflowApplicationTests]: class path resource [com/codestates/stackoverflow/StackoverflowApplicationTestsContext.groovy] does not exist
11:23:00.058 [Test worker] INFO org.springframework.test.context.support.AbstractContextLoader - Could not detect default resource locations for test class [com.codestates.stackoverflow.StackoverflowApplicationTests]: no resource found for suffixes {-context.xml, Context.groovy}.
11:23:00.058 [Test worker] INFO org.springframework.test.context.support.AnnotationConfigContextLoaderUtils - Could not detect default configuration classes for test class [com.codestates.stackoverflow.StackoverflowApplicationTests]: StackoverflowApplicationTests does not declare any static, non-private, non-final, nested classes annotated with @Configuration.
11:23:00.075 [Test worker] DEBUG org.springframework.test.context.support.ActiveProfilesUtils - Could not find an 'annotation declaring class' for annotation type [org.springframework.test.context.ActiveProfiles] and class [com.codestates.stackoverflow.StackoverflowApplicationTests]
11:23:00.100 [Test worker] DEBUG org.springframework.context.annotation.ClassPathScanningCandidateComponentProvider - Identified candidate component class: file [/Users/jiinpark/Dev/Projects/pre-project/stackoverflow/build/classes/java/main/com/codestates/stackoverflow/StackoverflowApplication.class]
11:23:00.100 [Test worker] INFO org.springframework.boot.test.context.SpringBootTestContextBootstrapper - Found @SpringBootConfiguration com.codestates.stackoverflow.StackoverflowApplication for test class com.codestates.stackoverflow.StackoverflowApplicationTests
11:23:00.140 [Test worker] DEBUG org.springframework.boot.test.context.SpringBootTestContextBootstrapper - @TestExecutionListeners is not present for class [com.codestates.stackoverflow.StackoverflowApplicationTests]: using defaults.
11:23:00.140 [Test worker] INFO org.springframework.boot.test.context.SpringBootTestContextBootstrapper - Loaded default TestExecutionListener class names from location [META-INF/spring.factories]: [org.springframework.security.test.context.support.WithSecurityContextTestExecutionListener, org.springframework.security.test.context.support.ReactorContextTestExecutionListener, org.springframework.boot.test.autoconfigure.restdocs.RestDocsTestExecutionListener, org.springframework.boot.test.autoconfigure.web.client.MockRestServiceServerResetTestExecutionListener, org.springframework.boot.test.autoconfigure.web.servlet.MockMvcPrintOnlyOnFailureTestExecutionListener, org.springframework.boot.test.autoconfigure.web.servlet.WebDriverTestExecutionListener, org.springframework.boot.test.autoconfigure.webservices.client.MockWebServiceServerTestExecutionListener, org.springframework.boot.test.mock.mockito.MockitoTestExecutionListener, org.springframework.boot.test.mock.mockito.ResetMocksTestExecutionListener, org.springframework.test.context.web.ServletTestExecutionListener, org.springframework.test.context.support.DirtiesContextBeforeModesTestExecutionListener, org.springframework.test.context.event.ApplicationEventsTestExecutionListener, org.springframework.test.context.support.DependencyInjectionTestExecutionListener, org.springframework.test.context.support.DirtiesContextTestExecutionListener, org.springframework.test.context.transaction.TransactionalTestExecutionListener, org.springframework.test.context.jdbc.SqlScriptsTestExecutionListener, org.springframework.test.context.event.EventPublishingTestExecutionListener]
11:23:00.147 [Test worker] INFO org.springframework.boot.test.context.SpringBootTestContextBootstrapper - Using TestExecutionListeners: [org.springframework.test.context.web.ServletTestExecutionListener@6b5f8707, org.springframework.test.context.support.DirtiesContextBeforeModesTestExecutionListener@772485dd, org.springframework.test.context.event.ApplicationEventsTestExecutionListener@5a12c728, org.springframework.boot.test.mock.mockito.MockitoTestExecutionListener@79ab3a71, org.springframework.boot.test.autoconfigure.SpringBootDependencyInjectionTestExecutionListener@6e5bfdfc, org.springframework.test.context.support.DirtiesContextTestExecutionListener@3d829787, org.springframework.test.context.transaction.TransactionalTestExecutionListener@71652c98, org.springframework.test.context.jdbc.SqlScriptsTestExecutionListener@51bde877, org.springframework.security.test.context.support.WithSecurityContextTestExecutionListener@60b85ba1, org.springframework.test.context.event.EventPublishingTestExecutionListener@492fc69e, org.springframework.security.test.context.support.ReactorContextTestExecutionListener@117632cf, org.springframework.boot.test.autoconfigure.restdocs.RestDocsTestExecutionListener@2fb68ec6, org.springframework.boot.test.autoconfigure.web.client.MockRestServiceServerResetTestExecutionListener@d71adc2, org.springframework.boot.test.autoconfigure.web.servlet.MockMvcPrintOnlyOnFailureTestExecutionListener@3add81c4, org.springframework.boot.test.autoconfigure.web.servlet.WebDriverTestExecutionListener@1a1d3c1a, org.springframework.boot.test.autoconfigure.webservices.client.MockWebServiceServerTestExecutionListener@1c65121, org.springframework.boot.test.mock.mockito.ResetMocksTestExecutionListener@159e366]
11:23:00.149 [Test worker] DEBUG org.springframework.test.context.support.AbstractDirtiesContextTestExecutionListener - Before test class: context [DefaultTestContext@5c371e13 testClass = StackoverflowApplicationTests, testInstance = [null], testMethod = [null], testException = [null], mergedContextConfiguration = [WebMergedContextConfiguration@530a8454 testClass = StackoverflowApplicationTests, locations = '{}', classes = '{class com.codestates.stackoverflow.StackoverflowApplication}', contextInitializerClasses = '[]', activeProfiles = '{}', propertySourceLocations = '{}', propertySourceProperties = '{org.springframework.boot.test.context.SpringBootTestContextBootstrapper=true}', contextCustomizers = set[org.springframework.boot.test.autoconfigure.actuate.metrics.MetricsExportContextCustomizerFactory$DisableMetricExportContextCustomizer@4e28bdd1, org.springframework.boot.test.autoconfigure.properties.PropertyMappingContextCustomizer@0, org.springframework.boot.test.autoconfigure.web.servlet.WebDriverContextCustomizerFactory$Customizer@3829ac1, org.springframework.boot.test.context.filter.ExcludeFilterContextCustomizer@15eebbff, org.springframework.boot.test.json.DuplicateJsonObjectContextCustomizerFactory$DuplicateJsonObjectContextCustomizer@2dbe250d, org.springframework.boot.test.mock.mockito.MockitoContextCustomizer@0, org.springframework.boot.test.web.client.TestRestTemplateContextCustomizer@33e01298, org.springframework.boot.test.context.SpringBootTestArgs@1, org.springframework.boot.test.context.SpringBootTestWebEnvironment@c667f46], resourceBasePath = 'src/main/webapp', contextLoader = 'org.springframework.boot.test.context.SpringBootContextLoader', parent = [null]], attributes = map['org.springframework.test.context.web.ServletTestExecutionListener.activateListener' -> true]], class annotated with @DirtiesContext [false] with mode [null].

  .   ____          _            __ _ _
 /\\ / ___'_ __ _ _(_)_ __  __ _ \ \ \ \
( ( )\___ | '_ | '_| | '_ \/ _` | \ \ \ \
 \\/  ___)| |_)| | | | | || (_| |  ) ) ) )
  '  |____| .__|_| |_|_| |_\__, | / / / /
 =========|_|==============|___/=/_/_/_/
?[32m :: Spring Boot :: ?[39m             ?[2m (v2.7.12)?[0;39m

?[2m2023-06-22 11:23:00.318?[0;39m ?[32m INFO?[0;39m ?[35m3356?[0;39m ?[2m---?[0;39m ?[2m[    Test worker]?[0;39m ?[36mc.c.s.StackoverflowApplicationTests     ?[0;39m ?[2m:?[0;39m Starting StackoverflowApplicationTests using Java 11.0.19 on Jiinui-MacBookPro.local with PID 3356 (started by jiinpark in /Users/jiinpark/Dev/Projects/pre-project/stackoverflow)
?[2m2023-06-22 11:23:00.319?[0;39m ?[32m INFO?[0;39m ?[35m3356?[0;39m ?[2m---?[0;39m ?[2m[    Test worker]?[0;39m ?[36mc.c.s.StackoverflowApplicationTests     ?[0;39m ?[2m:?[0;39m No active profile set, falling back to 1 default profile: "default"
?[2m2023-06-22 11:23:00.636?[0;39m ?[32m INFO?[0;39m ?[35m3356?[0;39m ?[2m---?[0;39m ?[2m[    Test worker]?[0;39m ?[36m.s.d.r.c.RepositoryConfigurationDelegate?[0;39m ?[2m:?[0;39m Bootstrapping Spring Data JPA repositories in DEFAULT mode.
?[2m2023-06-22 11:23:00.664?[0;39m ?[32m INFO?[0;39m ?[35m3356?[0;39m ?[2m---?[0;39m ?[2m[    Test worker]?[0;39m ?[36m.s.d.r.c.RepositoryConfigurationDelegate?[0;39m ?[2m:?[0;39m Finished Spring Data repository scanning in 25 ms. Found 3 JPA repository interfaces.
?[2m2023-06-22 11:23:00.895?[0;39m ?[32m INFO?[0;39m ?[35m3356?[0;39m ?[2m---?[0;39m ?[2m[    Test worker]?[0;39m ?[36mo.hibernate.jpa.internal.util.LogHelper ?[0;39m ?[2m:?[0;39m HHH000204: Processing PersistenceUnitInfo [name: default]
?[2m2023-06-22 11:23:00.916?[0;39m ?[32m INFO?[0;39m ?[35m3356?[0;39m ?[2m---?[0;39m ?[2m[    Test worker]?[0;39m ?[36morg.hibernate.Version                   ?[0;39m ?[2m:?[0;39m HHH000412: Hibernate ORM core version 5.6.15.Final
?[2m2023-06-22 11:23:00.999?[0;39m ?[32m INFO?[0;39m ?[35m3356?[0;39m ?[2m---?[0;39m ?[2m[    Test worker]?[0;39m ?[36mo.hibernate.annotations.common.Version  ?[0;39m ?[2m:?[0;39m HCANN000001: Hibernate Commons Annotations {5.1.2.Final}
?[2m2023-06-22 11:23:01.043?[0;39m ?[32m INFO?[0;39m ?[35m3356?[0;39m ?[2m---?[0;39m ?[2m[    Test worker]?[0;39m ?[36mcom.zaxxer.hikari.HikariDataSource      ?[0;39m ?[2m:?[0;39m HikariPool-1 - Starting...
?[2m2023-06-22 11:23:01.137?[0;39m ?[32m INFO?[0;39m ?[35m3356?[0;39m ?[2m---?[0;39m ?[2m[    Test worker]?[0;39m ?[36mcom.zaxxer.hikari.HikariDataSource      ?[0;39m ?[2m:?[0;39m HikariPool-1 - Start completed.
?[2m2023-06-22 11:23:01.153?[0;39m ?[32m INFO?[0;39m ?[35m3356?[0;39m ?[2m---?[0;39m ?[2m[    Test worker]?[0;39m ?[36morg.hibernate.dialect.Dialect           ?[0;39m ?[2m:?[0;39m HHH000400: Using dialect: org.hibernate.dialect.H2Dialect
?[35m[Hibernate]?[0m 
    
    ?[34mdrop?[0m ?[34mtable?[0m ?[34mif?[0m ?[34mexists?[0m answer ?[34mCASCADE?[0m 
?[35m[Hibernate]?[0m 
    
    ?[34mdrop?[0m ?[34mtable?[0m ?[34mif?[0m ?[34mexists?[0m ?[34mmember?[0m ?[34mCASCADE?[0m 
?[35m[Hibernate]?[0m 
    
    ?[34mdrop?[0m ?[34mtable?[0m ?[34mif?[0m ?[34mexists?[0m member_roles ?[34mCASCADE?[0m 
?[35m[Hibernate]?[0m 
    
    ?[34mdrop?[0m ?[34mtable?[0m ?[34mif?[0m ?[34mexists?[0m question ?[34mCASCADE?[0m 
?[35m[Hibernate]?[0m 
    
    ?[34mcreate?[0m ?[34mtable?[0m answer (
       answer_id ?[34mbigint?[0m generated ?[34mby?[0m ?[34mdefault?[0m ?[34mas?[0m ?[34midentity?[0m,
        created_at DATETIME(0),
        created_by ?[34mvarchar?[0m(255),
        last_modified_at DATETIME(0),
        content ?[34mvarchar?[0m(255) ?[34mnot?[0m ?[34mnull?[0m,
        member_id ?[34mbigint?[0m,
        question_id ?[34mbigint?[0m,
        ?[34mprimary?[0m ?[34mkey?[0m (answer_id)
    )
?[35m[Hibernate]?[0m 
    
    ?[34mcreate?[0m ?[34mtable?[0m ?[34mmember?[0m (
       member_id ?[34mbigint?[0m generated ?[34mby?[0m ?[34mdefault?[0m ?[34mas?[0m ?[34midentity?[0m,
        created_at DATETIME(0) ?[34mnot?[0m ?[34mnull?[0m,
        email ?[34mvarchar?[0m(255) ?[34mnot?[0m ?[34mnull?[0m,
        modified_at DATETIME(0) ?[34mnot?[0m ?[34mnull?[0m,
        name ?[34mvarchar?[0m(100) ?[34mnot?[0m ?[34mnull?[0m,
        password ?[34mvarchar?[0m(100) ?[34mnot?[0m ?[34mnull?[0m,
        ?[34mprimary?[0m ?[34mkey?[0m (member_id)
    )
?[35m[Hibernate]?[0m 
    
    ?[34mcreate?[0m ?[34mtable?[0m member_roles (
       member_member_id ?[34mbigint?[0m ?[34mnot?[0m ?[34mnull?[0m,
        roles ?[34mvarchar?[0m(255)
    )
?[35m[Hibernate]?[0m 
    
    ?[34mcreate?[0m ?[34mtable?[0m question (
       id ?[34mbigint?[0m generated ?[34mby?[0m ?[34mdefault?[0m ?[34mas?[0m ?[34midentity?[0m,
        content TEXT ?[34mnot?[0m ?[34mnull?[0m,
        create_by ?[34mvarchar?[0m(255),
        created_at DATETIME(0) ?[34mnot?[0m ?[34mnull?[0m,
        modified_at DATETIME(0) ?[34mnot?[0m ?[34mnull?[0m,
        title ?[34mvarchar?[0m(150) ?[34mnot?[0m ?[34mnull?[0m,
        view_count ?[34mbigint?[0m ?[34mnot?[0m ?[34mnull?[0m,
        member_id ?[34mbigint?[0m,
        ?[34mprimary?[0m ?[34mkey?[0m (id)
    )
?[35m[Hibernate]?[0m 
    
    ?[34malter?[0m ?[34mtable?[0m ?[34mmember?[0m 
       ?[34madd?[0m ?[34mconstraint?[0m UK_mbmcqelty0fbrvxp1q58dn57t ?[34munique?[0m (email)
?[35m[Hibernate]?[0m 
    
    ?[34malter?[0m ?[34mtable?[0m answer 
       ?[34madd?[0m ?[34mconstraint?[0m FKn2sp5pa6h0u2kixjl2r4vfluf 
       ?[34mforeign?[0m ?[34mkey?[0m (member_id) 
       ?[34mreferences?[0m ?[34mmember?[0m
?[35m[Hibernate]?[0m 
    
    ?[34malter?[0m ?[34mtable?[0m answer 
       ?[34madd?[0m ?[34mconstraint?[0m FK8frr4bcabmmeyyu60qt7iiblo 
       ?[34mforeign?[0m ?[34mkey?[0m (question_id) 
       ?[34mreferences?[0m question
?[35m[Hibernate]?[0m 
    
    ?[34malter?[0m ?[34mtable?[0m member_roles 
       ?[34madd?[0m ?[34mconstraint?[0m FKruptm2dtwl95mfks4bnhv828k 
       ?[34mforeign?[0m ?[34mkey?[0m (member_member_id) 
       ?[34mreferences?[0m ?[34mmember?[0m
?[35m[Hibernate]?[0m 
    
    ?[34malter?[0m ?[34mtable?[0m question 
       ?[34madd?[0m ?[34mconstraint?[0m FK1nuuke7olg7b9fkyp2ba9d5bx 
       ?[34mforeign?[0m ?[34mkey?[0m (member_id) 
       ?[34mreferences?[0m ?[34mmember?[0m
?[2m2023-06-22 11:23:01.497?[0;39m ?[32m INFO?[0;39m ?[35m3356?[0;39m ?[2m---?[0;39m ?[2m[    Test worker]?[0;39m ?[36mo.h.e.t.j.p.i.JtaPlatformInitiator      ?[0;39m ?[2m:?[0;39m HHH000490: Using JtaPlatform implementation: [org.hibernate.engine.transaction.jta.platform.internal.NoJtaPlatform]
?[2m2023-06-22 11:23:01.502?[0;39m ?[32m INFO?[0;39m ?[35m3356?[0;39m ?[2m---?[0;39m ?[2m[    Test worker]?[0;39m ?[36mj.LocalContainerEntityManagerFactoryBean?[0;39m ?[2m:?[0;39m Initialized JPA EntityManagerFactory for persistence unit 'default'
?[2m2023-06-22 11:23:01.861?[0;39m ?[32m INFO?[0;39m ?[35m3356?[0;39m ?[2m---?[0;39m ?[2m[    Test worker]?[0;39m ?[36mo.s.s.web.DefaultSecurityFilterChain    ?[0;39m ?[2m:?[0;39m Will secure any request with [org.springframework.security.web.session.DisableEncodeUrlFilter@ef59aee, org.springframework.security.web.context.request.async.WebAsyncManagerIntegrationFilter@779cb140, org.springframework.security.web.context.SecurityContextPersistenceFilter@1da61a29, org.springframework.security.web.header.HeaderWriterFilter@6c6c93f8, org.springframework.web.filter.CorsFilter@45a4587d, org.springframework.security.web.authentication.logout.LogoutFilter@66c32e15, org.springframework.security.oauth2.client.web.OAuth2AuthorizationRequestRedirectFilter@2e60d4f4, org.springframework.security.oauth2.client.web.OAuth2LoginAuthenticationFilter@408980aa, com.codestates.stackoverflow.auth.filter.JwtAuthenticationFilter@70a91d72, com.codestates.stackoverflow.auth.filter.JwtVerificationFilter@52a9db63, org.springframework.security.web.savedrequest.RequestCacheAwareFilter@439d649c, org.springframework.security.web.servletapi.SecurityContextHolderAwareRequestFilter@32084a01, org.springframework.security.web.authentication.AnonymousAuthenticationFilter@402d76c7, org.springframework.security.web.session.SessionManagementFilter@1fe37d27, org.springframework.security.web.access.ExceptionTranslationFilter@507fecf3, org.springframework.security.web.access.intercept.AuthorizationFilter@e98adb2]
?[2m2023-06-22 11:23:01.873?[0;39m ?[33m WARN?[0;39m ?[35m3356?[0;39m ?[2m---?[0;39m ?[2m[    Test worker]?[0;39m ?[36mo.s.s.c.a.web.builders.WebSecurity      ?[0;39m ?[2m:?[0;39m 

********************************************************************
**********        Security debugging is enabled.       *************
**********    This may include sensitive information.  *************
**********      Do not use in a production system!     *************
********************************************************************


?[2m2023-06-22 11:23:01.975?[0;39m ?[33m WARN?[0;39m ?[35m3356?[0;39m ?[2m---?[0;39m ?[2m[    Test worker]?[0;39m ?[36mJpaBaseConfiguration$JpaWebConfiguration?[0;39m ?[2m:?[0;39m spring.jpa.open-in-view is enabled by default. Therefore, database queries may be performed during view rendering. Explicitly configure spring.jpa.open-in-view to disable this warning
?[2m2023-06-22 11:23:02.088?[0;39m ?[32m INFO?[0;39m ?[35m3356?[0;39m ?[2m---?[0;39m ?[2m[    Test worker]?[0;39m ?[36mo.s.b.a.h2.H2ConsoleAutoConfiguration   ?[0;39m ?[2m:?[0;39m H2 console available at '/h2'. Database available at 'jdbc:h2:mem:test'
?[2m2023-06-22 11:23:02.239?[0;39m ?[32m INFO?[0;39m ?[35m3356?[0;39m ?[2m---?[0;39m ?[2m[    Test worker]?[0;39m ?[36mc.c.s.StackoverflowApplicationTests     ?[0;39m ?[2m:?[0;39m Started StackoverflowApplicationTests in 2.072 seconds (JVM running for 2.642)
]]></system-out>
  <system-err><![CDATA[]]></system-err>
</testsuite>
